<?xml version="1.0" encoding="UTF-8"?>
<!-- Generated by org.testng.reporters.JUnitReportReporter -->
<testsuite hostname="LAPTOP-422O062L" failures="0" tests="1" name="co.Slenium.rahulshetty.RahulShettyDemo11Test" time="8.336" errors="0" timestamp="2025-09-08T01:58:32 IST" skipped="0">
  <testcase classname="co.Slenium.rahulshetty.RahulShettyDemo11Test" name="test111" time="8.336"/>
</testsuite> <!-- co.Slenium.rahulshetty.RahulShettyDemo11Test -->
